0 info it worked if it ends with ok
1 verbose cli [ '/usr/local/Cellar/node/5.5.0/bin/node',
1 verbose cli   '/usr/local/bin/npm',
1 verbose cli   'run',
1 verbose cli   'lint' ]
2 info using npm@3.5.3
3 info using node@v5.5.0
4 verbose run-script [ 'prelint', 'lint', 'postlint' ]
5 info lifecycle kanban_app@1.0.0~prelint: kanban_app@1.0.0
6 silly lifecycle kanban_app@1.0.0~prelint: no script for prelint, continuing
7 info lifecycle kanban_app@1.0.0~lint: kanban_app@1.0.0
8 verbose lifecycle kanban_app@1.0.0~lint: unsafe-perm in lifecycle true
9 verbose lifecycle kanban_app@1.0.0~lint: PATH: /usr/local/lib/node_modules/npm/bin/node-gyp-bin:/Users/Kormie/Documents/projects/frontend/kanban_app/node_modules/.bin:/Users/Kormie/.rbenv/shims:/usr/local/bin:/usr/bin:/bin:/usr/sbin:/sbin:/opt/X11/bin:/usr/local/go/bin:/Users/Kormie/gsutil:/Users/Kormie
10 verbose lifecycle kanban_app@1.0.0~lint: CWD: /Users/Kormie/Documents/projects/frontend/kanban_app
11 silly lifecycle kanban_app@1.0.0~lint: Args: [ '-c', 'esling . --ext .js --ext .jsx' ]
12 info lifecycle kanban_app@1.0.0~lint: Failed to exec lint script
13 verbose stack Error: kanban_app@1.0.0 lint: `esling . --ext .js --ext .jsx`
13 verbose stack spawn ENOENT
13 verbose stack     at ChildProcess.<anonymous> (/usr/local/lib/node_modules/npm/lib/utils/spawn.js:17:16)
13 verbose stack     at emitTwo (events.js:100:13)
13 verbose stack     at ChildProcess.emit (events.js:185:7)
13 verbose stack     at maybeClose (internal/child_process.js:821:16)
13 verbose stack     at Process.ChildProcess._handle.onexit (internal/child_process.js:211:5)
14 verbose pkgid kanban_app@1.0.0
15 verbose cwd /Users/Kormie/Documents/projects/frontend/kanban_app/build
16 error Darwin 15.3.0
17 error argv "/usr/local/Cellar/node/5.5.0/bin/node" "/usr/local/bin/npm" "run" "lint"
18 error node v5.5.0
19 error npm  v3.5.3
20 error file sh
21 error code ELIFECYCLE
22 error errno ENOENT
23 error syscall spawn
24 error kanban_app@1.0.0 lint: `esling . --ext .js --ext .jsx`
24 error spawn ENOENT
25 error Failed at the kanban_app@1.0.0 lint script 'esling . --ext .js --ext .jsx'.
25 error Make sure you have the latest version of node.js and npm installed.
25 error If you do, this is most likely a problem with the kanban_app package,
25 error not with npm itself.
25 error Tell the author that this fails on your system:
25 error     esling . --ext .js --ext .jsx
25 error You can get information on how to open an issue for this project with:
25 error     npm bugs kanban_app
25 error Or if that isn't available, you can get their info via:
25 error     npm owner ls kanban_app
25 error There is likely additional logging output above.
26 verbose exit [ 1, true ]
